[DB] SQLite 数据库连接成功
[DB] 数据模型同步完成
[Simulation] 已加载 6 条高德地图真实车辆路径
[Simulation] 已加载 9 条高德地图真实道路数据
[rsuDeployment] 已加载 6 条高德API车辆行驶路径数据
[rsuDeployment] 沿路径生成RSU候选点: 54
[rsuDeployment] 部署完成: 54个RSU, 区域分布: [17, 20, 17], 路线RSU数: {
  '古平岗→新庄': 13,
  '草场门→九华山': 11,
  '汉中门→西安门': 8,
  '古平岗→汉中门': 7,
  '新模范马路→新街口': 8,
  '新庄→西安门': 7
}
  [路线 1] 古平岗→新庄: 139 个路径点 (高德API)
  [路线 2] 草场门→九华山: 148 个路径点 (高德API)
  [路线 3] 汉中门→西安门: 73 个路径点 (高德API)
  [路线 4] 古平岗→汉中门: 150 个路径点 (高德API)
  [路线 5] 新模范马路→新街口: 89 个路径点 (高德API)
  [路线 6] 新庄→西安门: 68 个路径点 (高德API)
[Simulation] 已初始化 30 辆车，分配至 6 条固定路线
[Simulation] 高德路径数据已全部缓存，跳过在线获取
[rsuDeployment] 已加载 6 条高德API车辆行驶路径数据
[rsuDeployment] 沿路径生成RSU候选点: 54
[rsuDeployment] 部署完成: 54个RSU, 区域分布: [17, 20, 17], 路线RSU数: {
  '古平岗→新庄': 13,
  '草场门→九华山': 11,
  '汉中门→西安门': 8,
  '古平岗→汉中门': 7,
  '新模范马路→新街口': 8,
  '新庄→西安门': 7
}
[Caching] 已加载 54 个 RSU，按路线分布:
  路线 1 古平岗→新庄: 13 个 RSU, 1300 个内容块
  路线 2 草场门→九华山: 11 个 RSU, 1100 个内容块
  路线 3 汉中门→西安门: 8 个 RSU, 800 个内容块
  路线 4 古平岗→汉中门: 7 个 RSU, 700 个内容块
  路线 5 新模范马路→新街口: 8 个 RSU, 800 个内容块
  路线 6 新庄→西安门: 7 个 RSU, 700 个内容块
[Server] 后端服务已启动: http://localhost:3000
[Server] WebSocket 服务已就绪
[Socket] 客户端已连接: VakF19MSiMBxRb8fAAAB
[Socket] 客户端已断开: VakF19MSiMBxRb8fAAAB
[Socket] 客户端已连接: BCcWbGCRMtsi3bKmAAAD
[Simulation] 收到开始指令 from BCcWbGCRMtsi3bKmAAAD
[Simulation] 启动模拟, 速度等级: 5, 推送间隔: 600ms
[Caching] 启动 RSU 数据广播 (每 5000ms)
[Caching] 广播 6 条路线: 古平岗→新庄: 13个RSU, 5辆车, 0命中块 | 草场门→九华山: 11个RSU, 5辆车, 0命中块 | 汉中门→西安门: 8个RSU, 5辆车, 0命中块 | 古平岗→汉中门: 7个RSU, 5辆车, 0命中块 | 新模范马路→新街口: 8个RSU, 5辆车, 0命中块 | 新庄→西安门: 7个RSU, 5辆车, 0命中块
[Caching] 路线 1 (古平岗→新庄): 33/1300 块缓存, 13 个 RSU
[Caching] 路线 2 (草场门→九华山): 30/1100 块缓存, 11 个 RSU
[Caching] 路线 3 (汉中门→西安门): 36/800 块缓存, 8 个 RSU
[Caching] 路线 4 (古平岗→汉中门): 31/700 块缓存, 7 个 RSU
[Caching] 路线 5 (新模范马路→新街口): 33/800 块缓存, 8 个 RSU
[Caching] 路线 6 (新庄→西安门): 33/700 块缓存, 7 个 RSU
[Caching] 已加载 6 条路线的 MATLAB 结果
[Caching] 触发 MATLAB 重算 (tick=5)...
[Caching] 启动 MATLAB: HM_Export_CacheDecision (目录: C:\Users\Administrator\Desktop\HdMAP-Code\HDMAP-Edge Caching 5.10\5.10)
[Caching] 广播 6 条路线: 古平岗→新庄: 13个RSU, 5辆车, 33命中块 | 草场门→九华山: 11个RSU, 5辆车, 30命中块 | 汉中门→西安门: 8个RSU, 5辆车, 36命中块 | 古平岗→汉中门: 7个RSU, 5辆车, 26命中块 | 新模范马路→新街口: 8个RSU, 5辆车, 33命中块 | 新庄→西安门: 7个RSU, 5辆车, 33命中块
[Caching] MATLAB 正在运行中，跳过本次触发 (tick=10)
[Caching] MATLAB 正在运行中，跳过本次触发 (tick=15)
[Caching] 广播 6 条路线: 古平岗→新庄: 13个RSU, 5辆车, 33命中块 | 草场门→九华山: 11个RSU, 5辆车, 30命中块 | 汉中门→西安门: 8个RSU, 5辆车, 36命中块 | 古平岗→汉中门: 7个RSU, 5辆车, 31命中块 | 新模范马路→新街口: 8个RSU, 5辆车, 33命中块 | 新庄→西安门: 7个RSU, 5辆车, 33命中块
[Caching] 路线 1 (古平岗→新庄): 33/1300 块缓存, 13 个 RSU
[Caching] 路线 2 (草场门→九华山): 30/1100 块缓存, 11 个 RSU
[Caching] 路线 3 (汉中门→西安门): 36/800 块缓存, 8 个 RSU
[Caching] 路线 4 (古平岗→汉中门): 31/700 块缓存, 7 个 RSU
[Caching] 路线 5 (新模范马路→新街口): 33/800 块缓存, 8 个 RSU
[Caching] 路线 6 (新庄→西安门): 33/700 块缓存, 7 个 RSU
[Caching] 已加载 6 条路线的 MATLAB 结果
[Caching] 已重新计算 30 辆车的命中块状态
[Caching] 触发 MATLAB 重算 (tick=20)...
[Caching] 启动 MATLAB: HM_Export_CacheDecision (目录: C:\Users\Administrator\Desktop\HdMAP-Code\HDMAP-Edge Caching 5.10\5.10)
[Caching] MATLAB 正在运行中，跳过本次触发 (tick=25)
[Caching] 广播 6 条路线: 古平岗→新庄: 13个RSU, 4辆车, 33命中块 | 草场门→九华山: 11个RSU, 4辆车, 30命中块 | 汉中门→西安门: 8个RSU, 4辆车, 36命中块 | 古平岗→汉中门: 7个RSU, 4辆车, 31命中块 | 新模范马路→新街口: 8个RSU, 4辆车, 33命中块 | 新庄→西安门: 7个RSU, 4辆车, 33命中块
[Caching] MATLAB 正在运行中，跳过本次触发 (tick=30)
[Caching] 路线 1 (古平岗→新庄): 33/1300 块缓存, 13 个 RSU
[Caching] 路线 2 (草场门→九华山): 30/1100 块缓存, 11 个 RSU
[Caching] 路线 3 (汉中门→西安门): 36/800 块缓存, 8 个 RSU
[Caching] 路线 4 (古平岗→汉中门): 31/700 块缓存, 7 个 RSU
[Caching] 路线 5 (新模范马路→新街口): 33/800 块缓存, 8 个 RSU
[Caching] 路线 6 (新庄→西安门): 33/700 块缓存, 7 个 RSU
[Caching] 已加载 6 条路线的 MATLAB 结果
[Caching] 已重新计算 30 辆车的命中块状态
[Caching] 广播 6 条路线: 古平岗→新庄: 13个RSU, 4辆车, 33命中块 | 草场门→九华山: 11个RSU, 4辆车, 30命中块 | 汉中门→西安门: 8个RSU, 4辆车, 36命中块 | 古平岗→汉中门: 7个RSU, 4辆车, 31命中块 | 新模范马路→新街口: 8个RSU, 4辆车, 33命中块 | 新庄→西安门: 7个RSU, 4辆车, 33命中块
[Caching] 触发 MATLAB 重算 (tick=35)...
[Caching] 启动 MATLAB: HM_Export_CacheDecision (目录: C:\Users\Administrator\Desktop\HdMAP-Code\HDMAP-Edge Caching 5.10\5.10)
[Caching] MATLAB 正在运行中，跳过本次触发 (tick=40)
[Caching] 广播 6 条路线: 古平岗→新庄: 13个RSU, 3辆车, 33命中块 | 草场门→九华山: 11个RSU, 3辆车, 30命中块 | 汉中门→西安门: 8个RSU, 3辆车, 36命中块 | 古平岗→汉中门: 7个RSU, 3辆车, 31命中块 | 新模范马路→新街口: 8个RSU, 3辆车, 33命中块 | 新庄→西安门: 7个RSU, 3辆车, 33命中块
[Caching] MATLAB 正在运行中，跳过本次触发 (tick=45)
[Caching] 路线 1 (古平岗→新庄): 33/1300 块缓存, 13 个 RSU
[Caching] 路线 2 (草场门→九华山): 30/1100 块缓存, 11 个 RSU
[Caching] 路线 3 (汉中门→西安门): 36/800 块缓存, 8 个 RSU
[Caching] 路线 4 (古平岗→汉中门): 31/700 块缓存, 7 个 RSU
[Caching] 路线 5 (新模范马路→新街口): 33/800 块缓存, 8 个 RSU
[Caching] 路线 6 (新庄→西安门): 33/700 块缓存, 7 个 RSU
[Caching] 已加载 6 条路线的 MATLAB 结果
[Caching] 已重新计算 30 辆车的命中块状态
[Caching] 触发 MATLAB 重算 (tick=50)...
[Caching] 启动 MATLAB: HM_Export_CacheDecision (目录: C:\Users\Administrator\Desktop\HdMAP-Code\HDMAP-Edge Caching 5.10\5.10)
[Caching] 广播 6 条路线: 古平岗→新庄: 13个RSU, 3辆车, 33命中块 | 草场门→九华山: 11个RSU, 3辆车, 30命中块 | 汉中门→西安门: 8个RSU, 3辆车, 36命中块 | 古平岗→汉中门: 7个RSU, 3辆车, 31命中块 | 新模范马路→新街口: 8个RSU, 3辆车, 33命中块 | 新庄→西安门: 7个RSU, 3辆车, 33命中块
[Caching] MATLAB 正在运行中，跳过本次触发 (tick=55)
[Caching] 广播 6 条路线: 古平岗→新庄: 13个RSU, 3辆车, 33命中块 | 草场门→九华山: 11个RSU, 3辆车, 30命中块 | 汉中门→西安门: 8个RSU, 3辆车, 36命中块 | 古平岗→汉中门: 7个RSU, 3辆车, 31命中块 | 新模范马路→新街口: 8个RSU, 3辆车, 33命中块 | 新庄→西安门: 7个RSU, 3辆车, 33命中块
[Caching] MATLAB 正在运行中，跳过本次触发 (tick=60)
[Caching] 路线 1 (古平岗→新庄): 33/1300 块缓存, 13 个 RSU
[Caching] 路线 2 (草场门→九华山): 30/1100 块缓存, 11 个 RSU
[Caching] 路线 3 (汉中门→西安门): 36/800 块缓存, 8 个 RSU
[Caching] 路线 4 (古平岗→汉中门): 31/700 块缓存, 7 个 RSU
[Caching] 路线 5 (新模范马路→新街口): 33/800 块缓存, 8 个 RSU
[Caching] 路线 6 (新庄→西安门): 33/700 块缓存, 7 个 RSU
[Caching] 已加载 6 条路线的 MATLAB 结果
[Caching] 已重新计算 30 辆车的命中块状态
[Caching] 触发 MATLAB 重算 (tick=65)...
[Caching] 启动 MATLAB: HM_Export_CacheDecision (目录: C:\Users\Administrator\Desktop\HdMAP-Code\HDMAP-Edge Caching 5.10\5.10)
[Caching] 广播 6 条路线: 古平岗→新庄: 13个RSU, 2辆车, 33命中块 | 草场门→九华山: 11个RSU, 2辆车, 30命中块 | 汉中门→西安门: 8个RSU, 2辆车, 36命中块 | 古平岗→汉中门: 7个RSU, 2辆车, 31命中块 | 新模范马路→新街口: 8个RSU, 2辆车, 33命中块 | 新庄→西安门: 7个RSU, 2辆车, 33命中块
[Caching] MATLAB 正在运行中，跳过本次触发 (tick=70)
[Caching] MATLAB 正在运行中，跳过本次触发 (tick=75)
[Simulation] 收到暂停指令 from BCcWbGCRMtsi3bKmAAAD
[Simulation] 模拟已暂停
[Caching] 广播 6 条路线: 古平岗→新庄: 13个RSU, 2辆车, 33命中块 | 草场门→九华山: 11个RSU, 2辆车, 30命中块 | 汉中门→西安门: 8个RSU, 2辆车, 36命中块 | 古平岗→汉中门: 7个RSU, 2辆车, 31命中块 | 新模范马路→新街口: 8个RSU, 2辆车, 33命中块 | 新庄→西安门: 7个RSU, 2辆车, 33命中块
[Caching] 路线 1 (古平岗→新庄): 33/1300 块缓存, 13 个 RSU
[Caching] 路线 2 (草场门→九华山): 30/1100 块缓存, 11 个 RSU
[Caching] 路线 3 (汉中门→西安门): 36/800 块缓存, 8 个 RSU
[Caching] 路线 4 (古平岗→汉中门): 31/700 块缓存, 7 个 RSU
[Caching] 路线 5 (新模范马路→新街口): 33/800 块缓存, 8 个 RSU
[Caching] 路线 6 (新庄→西安门): 33/700 块缓存, 7 个 RSU
[Caching] 已加载 6 条路线的 MATLAB 结果
[Caching] 已重新计算 30 辆车的命中块状态
[Simulation] 收到恢复指令 from BCcWbGCRMtsi3bKmAAAD
[Simulation] 模拟已恢复
[Caching] 广播 6 条路线: 古平岗→新庄: 13个RSU, 2辆车, 33命中块 | 草场门→九华山: 11个RSU, 2辆车, 30命中块 | 汉中门→西安门: 8个RSU, 2辆车, 36命中块 | 古平岗→汉中门: 7个RSU, 2辆车, 31命中块 | 新模范马路→新街口: 8个RSU, 2辆车, 33命中块 | 新庄→西安门: 7个RSU, 2辆车, 33命中块
[Caching] 触发 MATLAB 重算 (tick=80)...
[Caching] 启动 MATLAB: HM_Export_CacheDecision (目录: C:\Users\Administrator\Desktop\HdMAP-Code\HDMAP-Edge Caching 5.10\5.10)
[Caching] MATLAB 正在运行中，跳过本次触发 (tick=85)
[Caching] 广播 6 条路线: 古平岗→新庄: 13个RSU, 1辆车, 33命中块 | 草场门→九华山: 11个RSU, 1辆车, 30命中块 | 汉中门→西安门: 8个RSU, 1辆车, 36命中块 | 古平岗→汉中门: 7个RSU, 1辆车, 31命中块 | 新模范马路→新街口: 8个RSU, 1辆车, 33命中块 | 新庄→西安门: 7个RSU, 1辆车, 33命中块
[Caching] MATLAB 正在运行中，跳过本次触发 (tick=90)
[Caching] 路线 1 (古平岗→新庄): 33/1300 块缓存, 13 个 RSU
[Caching] 路线 2 (草场门→九华山): 30/1100 块缓存, 11 个 RSU
[Caching] 路线 3 (汉中门→西安门): 36/800 块缓存, 8 个 RSU
[Caching] 路线 4 (古平岗→汉中门): 31/700 块缓存, 7 个 RSU
[Caching] 路线 5 (新模范马路→新街口): 33/800 块缓存, 8 个 RSU
[Caching] 路线 6 (新庄→西安门): 33/700 块缓存, 7 个 RSU
[Caching] 已加载 6 条路线的 MATLAB 结果
[Caching] 已重新计算 30 辆车的命中块状态
[Caching] 触发 MATLAB 重算 (tick=95)...
[Caching] 启动 MATLAB: HM_Export_CacheDecision (目录: C:\Users\Administrator\Desktop\HdMAP-Code\HDMAP-Edge Caching 5.10\5.10)
[Caching] 广播 6 条路线: 古平岗→新庄: 13个RSU, 1辆车, 33命中块 | 草场门→九华山: 11个RSU, 1辆车, 30命中块 | 汉中门→西安门: 8个RSU, 1辆车, 36命中块 | 古平岗→汉中门: 7个RSU, 1辆车, 31命中块 | 新模范马路→新街口: 8个RSU, 1辆车, 33命中块 | 新庄→西安门: 7个RSU, 1辆车, 33命中块
[Caching] MATLAB 正在运行中，跳过本次触发 (tick=100)
[Simulation] 收到暂停指令 from BCcWbGCRMtsi3bKmAAAD
[Simulation] 模拟已暂停
[Caching] 广播 6 条路线: 古平岗→新庄: 13个RSU, 0辆车, 33命中块 | 草场门→九华山: 11个RSU, 0辆车, 30命中块 | 汉中门→西安门: 8个RSU, 0辆车, 36命中块 | 古平岗→汉中门: 7个RSU, 0辆车, 31命中块 | 新模范马路→新街口: 8个RSU, 0辆车, 33命中块 | 新庄→西安门: 7个RSU, 0辆车, 33命中块
[Socket] 客户端已断开: BCcWbGCRMtsi3bKmAAAD
[Caching] 路线 1 (古平岗→新庄): 33/1300 块缓存, 13 个 RSU
[Caching] 路线 2 (草场门→九华山): 30/1100 块缓存, 11 个 RSU
[Caching] 路线 3 (汉中门→西安门): 36/800 块缓存, 8 个 RSU
[Caching] 路线 4 (古平岗→汉中门): 31/700 块缓存, 7 个 RSU
[Caching] 路线 5 (新模范马路→新街口): 33/800 块缓存, 8 个 RSU
[Caching] 路线 6 (新庄→西安门): 33/700 块缓存, 7 个 RSU
[Caching] 已加载 6 条路线的 MATLAB 结果
[Caching] 已重新计算 30 辆车的命中块状态
[Caching] 广播 6 条路线: 古平岗→新庄: 13个RSU, 0辆车, 33命中块 | 草场门→九华山: 11个RSU, 0辆车, 30命中块 | 汉中门→西安门: 8个RSU, 0辆车, 36命中块 | 古平岗→汉中门: 7个RSU, 0辆车, 31命中块 | 新模范马路→新街口: 8个RSU, 0辆车, 33命中块 | 新庄→西安门: 7个RSU, 0辆车, 33命中块
[Caching] 广播 6 条路线: 古平岗→新庄: 13个RSU, 0辆车, 33命中块 | 草场门→九华山: 11个RSU, 0辆车, 30命中块 | 汉中门→西安门: 8个RSU, 0辆车, 36命中块 | 古平岗→汉中门: 7个RSU, 0辆车, 31命中块 | 新模范马路→新街口: 8个RSU, 0辆车, 33命中块 | 新庄→西安门: 7个RSU, 0辆车, 33命中块
[Caching] 广播 6 条路线: 古平岗→新庄: 13个RSU, 0辆车, 33命中块 | 草场门→九华山: 11个RSU, 0辆车, 30命中块 | 汉中门→西安门: 8个RSU, 0辆车, 36命中块 | 古平岗→汉中门: 7个RSU, 0辆车, 31命中块 | 新模范马路→新街口: 8个RSU, 0辆车, 33命中块 | 新庄→西安门: 7个RSU, 0辆车, 33命中块
[Caching] 广播 6 条路线: 古平岗→新庄: 13个RSU, 0辆车, 33命中块 | 草场门→九华山: 11个RSU, 0辆车, 30命中块 | 汉中门→西安门: 8个RSU, 0辆车, 36命中块 | 古平岗→汉中门: 7个RSU, 0辆车, 31命中块 | 新模范马路→新街口: 8个RSU, 0辆车, 33命中块 | 新庄→西安门: 7个RSU, 0辆车, 33命中块
[Caching] 广播 6 条路线: 古平岗→新庄: 13个RSU, 0辆车, 33命中块 | 草场门→九华山: 11个RSU, 0辆车, 30命中块 | 汉中门→西安门: 8个RSU, 0辆车, 36命中块 | 古平岗→汉中门: 7个RSU, 0辆车, 31命中块 | 新模范马路→新街口: 8个RSU, 0辆车, 33命中块 | 新庄→西安门: 7个RSU, 0辆车, 33命中块
[Caching] 广播 6 条路线: 古平岗→新庄: 13个RSU, 0辆车, 33命中块 | 草场门→九华山: 11个RSU, 0辆车, 30命中块 | 汉中门→西安门: 8个RSU, 0辆车, 36命中块 | 古平岗→汉中门: 7个RSU, 0辆车, 31命中块 | 新模范马路→新街口: 8个RSU, 0辆车, 33命中块 | 新庄→西安门: 7个RSU, 0辆车, 33命中块
[Caching] 广播 6 条路线: 古平岗→新庄: 13个RSU, 0辆车, 33命中块 | 草场门→九华山: 11个RSU, 0辆车, 30命中块 | 汉中门→西安门: 8个RSU, 0辆车, 36命中块 | 古平岗→汉中门: 7个RSU, 0辆车, 31命中块 | 新模范马路→新街口: 8个RSU, 0辆车, 33命中块 | 新庄→西安门: 7个RSU, 0辆车, 33命中块
[Caching] 广播 6 条路线: 古平岗→新庄: 13个RSU, 0辆车, 33命中块 | 草场门→九华山: 11个RSU, 0辆车, 30命中块 | 汉中门→西安门: 8个RSU, 0辆车, 36命中块 | 古平岗→汉中门: 7个RSU, 0辆车, 31命中块 | 新模范马路→新街口: 8个RSU, 0辆车, 33命中块 | 新庄→西安门: 7个RSU, 0辆车, 33命中块
[Caching] 广播 6 条路线: 古平岗→新庄: 13个RSU, 0辆车, 33命中块 | 草场门→九华山: 11个RSU, 0辆车, 30命中块 | 汉中门→西安门: 8个RSU, 0辆车, 36命中块 | 古平岗→汉中门: 7个RSU, 0辆车, 31命中块 | 新模范马路→新街口: 8个RSU, 0辆车, 33命中块 | 新庄→西安门: 7个RSU, 0辆车, 33命中块
[Caching] 广播 6 条路线: 古平岗→新庄: 13个RSU, 0辆车, 33命中块 | 草场门→九华山: 11个RSU, 0辆车, 30命中块 | 汉中门→西安门: 8个RSU, 0辆车, 36命中块 | 古平岗→汉中门: 7个RSU, 0辆车, 31命中块 | 新模范马路→新街口: 8个RSU, 0辆车, 33命中块 | 新庄→西安门: 7个RSU, 0辆车, 33命中块
[Caching] 广播 6 条路线: 古平岗→新庄: 13个RSU, 0辆车, 33命中块 | 草场门→九华山: 11个RSU, 0辆车, 30命中块 | 汉中门→西安门: 8个RSU, 0辆车, 36命中块 | 古平岗→汉中门: 7个RSU, 0辆车, 31命中块 | 新模范马路→新街口: 8个RSU, 0辆车, 33命中块 | 新庄→西安门: 7个RSU, 0辆车, 33命中块
[Caching] 广播 6 条路线: 古平岗→新庄: 13个RSU, 0辆车, 33命中块 | 草场门→九华山: 11个RSU, 0辆车, 30命中块 | 汉中门→西安门: 8个RSU, 0辆车, 36命中块 | 古平岗→汉中门: 7个RSU, 0辆车, 31命中块 | 新模范马路→新街口: 8个RSU, 0辆车, 33命中块 | 新庄→西安门: 7个RSU, 0辆车, 33命中块
[Caching] 广播 6 条路线: 古平岗→新庄: 13个RSU, 0辆车, 33命中块 | 草场门→九华山: 11个RSU, 0辆车, 30命中块 | 汉中门→西安门: 8个RSU, 0辆车, 36命中块 | 古平岗→汉中门: 7个RSU, 0辆车, 31命中块 | 新模范马路→新街口: 8个RSU, 0辆车, 33命中块 | 新庄→西安门: 7个RSU, 0辆车, 33命中块
[Caching] 广播 6 条路线: 古平岗→新庄: 13个RSU, 0辆车, 33命中块 | 草场门→九华山: 11个RSU, 0辆车, 30命中块 | 汉中门→西安门: 8个RSU, 0辆车, 36命中块 | 古平岗→汉中门: 7个RSU, 0辆车, 31命中块 | 新模范马路→新街口: 8个RSU, 0辆车, 33命中块 | 新庄→西安门: 7个RSU, 0辆车, 33命中块
[Caching] 广播 6 条路线: 古平岗→新庄: 13个RSU, 0辆车, 33命中块 | 草场门→九华山: 11个RSU, 0辆车, 30命中块 | 汉中门→西安门: 8个RSU, 0辆车, 36命中块 | 古平岗→汉中门: 7个RSU, 0辆车, 31命中块 | 新模范马路→新街口: 8个RSU, 0辆车, 33命中块 | 新庄→西安门: 7个RSU, 0辆车, 33命中块
[Caching] 广播 6 条路线: 古平岗→新庄: 13个RSU, 0辆车, 33命中块 | 草场门→九华山: 11个RSU, 0辆车, 30命中块 | 汉中门→西安门: 8个RSU, 0辆车, 36命中块 | 古平岗→汉中门: 7个RSU, 0辆车, 31命中块 | 新模范马路→新街口: 8个RSU, 0辆车, 33命中块 | 新庄→西安门: 7个RSU, 0辆车, 33命中块
[Caching] 广播 6 条路线: 古平岗→新庄: 13个RSU, 0辆车, 33命中块 | 草场门→九华山: 11个RSU, 0辆车, 30命中块 | 汉中门→西安门: 8个RSU, 0辆车, 36命中块 | 古平岗→汉中门: 7个RSU, 0辆车, 31命中块 | 新模范马路→新街口: 8个RSU, 0辆车, 33命中块 | 新庄→西安门: 7个RSU, 0辆车, 33命中块
[Caching] 广播 6 条路线: 古平岗→新庄: 13个RSU, 0辆车, 33命中块 | 草场门→九华山: 11个RSU, 0辆车, 30命中块 | 汉中门→西安门: 8个RSU, 0辆车, 36命中块 | 古平岗→汉中门: 7个RSU, 0辆车, 31命中块 | 新模范马路→新街口: 8个RSU, 0辆车, 33命中块 | 新庄→西安门: 7个RSU, 0辆车, 33命中块
[Caching] 广播 6 条路线: 古平岗→新庄: 13个RSU, 0辆车, 33命中块 | 草场门→九华山: 11个RSU, 0辆车, 30命中块 | 汉中门→西安门: 8个RSU, 0辆车, 36命中块 | 古平岗→汉中门: 7个RSU, 0辆车, 31命中块 | 新模范马路→新街口: 8个RSU, 0辆车, 33命中块 | 新庄→西安门: 7个RSU, 0辆车, 33命中块
[Caching] 广播 6 条路线: 古平岗→新庄: 13个RSU, 0辆车, 33命中块 | 草场门→九华山: 11个RSU, 0辆车, 30命中块 | 汉中门→西安门: 8个RSU, 0辆车, 36命中块 | 古平岗→汉中门: 7个RSU, 0辆车, 31命中块 | 新模范马路→新街口: 8个RSU, 0辆车, 33命中块 | 新庄→西安门: 7个RSU, 0辆车, 33命中块
[Caching] 广播 6 条路线: 古平岗→新庄: 13个RSU, 0辆车, 33命中块 | 草场门→九华山: 11个RSU, 0辆车, 30命中块 | 汉中门→西安门: 8个RSU, 0辆车, 36命中块 | 古平岗→汉中门: 7个RSU, 0辆车, 31命中块 | 新模范马路→新街口: 8个RSU, 0辆车, 33命中块 | 新庄→西安门: 7个RSU, 0辆车, 33命中块
[Caching] 广播 6 条路线: 古平岗→新庄: 13个RSU, 0辆车, 33命中块 | 草场门→九华山: 11个RSU, 0辆车, 30命中块 | 汉中门→西安门: 8个RSU, 0辆车, 36命中块 | 古平岗→汉中门: 7个RSU, 0辆车, 31命中块 | 新模范马路→新街口: 8个RSU, 0辆车, 33命中块 | 新庄→西安门: 7个RSU, 0辆车, 33命中块
[Caching] 广播 6 条路线: 古平岗→新庄: 13个RSU, 0辆车, 33命中块 | 草场门→九华山: 11个RSU, 0辆车, 30命中块 | 汉中门→西安门: 8个RSU, 0辆车, 36命中块 | 古平岗→汉中门: 7个RSU, 0辆车, 31命中块 | 新模范马路→新街口: 8个RSU, 0辆车, 33命中块 | 新庄→西安门: 7个RSU, 0辆车, 33命中块
[Caching] 广播 6 条路线: 古平岗→新庄: 13个RSU, 0辆车, 33命中块 | 草场门→九华山: 11个RSU, 0辆车, 30命中块 | 汉中门→西安门: 8个RSU, 0辆车, 36命中块 | 古平岗→汉中门: 7个RSU, 0辆车, 31命中块 | 新模范马路→新街口: 8个RSU, 0辆车, 33命中块 | 新庄→西安门: 7个RSU, 0辆车, 33命中块
[Caching] 广播 6 条路线: 古平岗→新庄: 13个RSU, 0辆车, 33命中块 | 草场门→九华山: 11个RSU, 0辆车, 30命中块 | 汉中门→西安门: 8个RSU, 0辆车, 36命中块 | 古平岗→汉中门: 7个RSU, 0辆车, 31命中块 | 新模范马路→新街口: 8个RSU, 0辆车, 33命中块 | 新庄→西安门: 7个RSU, 0辆车, 33命中块
[Caching] 广播 6 条路线: 古平岗→新庄: 13个RSU, 0辆车, 33命中块 | 草场门→九华山: 11个RSU, 0辆车, 30命中块 | 汉中门→西安门: 8个RSU, 0辆车, 36命中块 | 古平岗→汉中门: 7个RSU, 0辆车, 31命中块 | 新模范马路→新街口: 8个RSU, 0辆车, 33命中块 | 新庄→西安门: 7个RSU, 0辆车, 33命中块
[Caching] 广播 6 条路线: 古平岗→新庄: 13个RSU, 0辆车, 33命中块 | 草场门→九华山: 11个RSU, 0辆车, 30命中块 | 汉中门→西安门: 8个RSU, 0辆车, 36命中块 | 古平岗→汉中门: 7个RSU, 0辆车, 31命中块 | 新模范马路→新街口: 8个RSU, 0辆车, 33命中块 | 新庄→西安门: 7个RSU, 0辆车, 33命中块
[Caching] 广播 6 条路线: 古平岗→新庄: 13个RSU, 0辆车, 33命中块 | 草场门→九华山: 11个RSU, 0辆车, 30命中块 | 汉中门→西安门: 8个RSU, 0辆车, 36命中块 | 古平岗→汉中门: 7个RSU, 0辆车, 31命中块 | 新模范马路→新街口: 8个RSU, 0辆车, 33命中块 | 新庄→西安门: 7个RSU, 0辆车, 33命中块
[Caching] 广播 6 条路线: 古平岗→新庄: 13个RSU, 0辆车, 33命中块 | 草场门→九华山: 11个RSU, 0辆车, 30命中块 | 汉中门→西安门: 8个RSU, 0辆车, 36命中块 | 古平岗→汉中门: 7个RSU, 0辆车, 31命中块 | 新模范马路→新街口: 8个RSU, 0辆车, 33命中块 | 新庄→西安门: 7个RSU, 0辆车, 33命中块
[Caching] 广播 6 条路线: 古平岗→新庄: 13个RSU, 0辆车, 33命中块 | 草场门→九华山: 11个RSU, 0辆车, 30命中块 | 汉中门→西安门: 8个RSU, 0辆车, 36命中块 | 古平岗→汉中门: 7个RSU, 0辆车, 31命中块 | 新模范马路→新街口: 8个RSU, 0辆车, 33命中块 | 新庄→西安门: 7个RSU, 0辆车, 33命中块
[Caching] 广播 6 条路线: 古平岗→新庄: 13个RSU, 0辆车, 33命中块 | 草场门→九华山: 11个RSU, 0辆车, 30命中块 | 汉中门→西安门: 8个RSU, 0辆车, 36命中块 | 古平岗→汉中门: 7个RSU, 0辆车, 31命中块 | 新模范马路→新街口: 8个RSU, 0辆车, 33命中块 | 新庄→西安门: 7个RSU, 0辆车, 33命中块
[Caching] 广播 6 条路线: 古平岗→新庄: 13个RSU, 0辆车, 33命中块 | 草场门→九华山: 11个RSU, 0辆车, 30命中块 | 汉中门→西安门: 8个RSU, 0辆车, 36命中块 | 古平岗→汉中门: 7个RSU, 0辆车, 31命中块 | 新模范马路→新街口: 8个RSU, 0辆车, 33命中块 | 新庄→西安门: 7个RSU, 0辆车, 33命中块
[Caching] 广播 6 条路线: 古平岗→新庄: 13个RSU, 0辆车, 33命中块 | 草场门→九华山: 11个RSU, 0辆车, 30命中块 | 汉中门→西安门: 8个RSU, 0辆车, 36命中块 | 古平岗→汉中门: 7个RSU, 0辆车, 31命中块 | 新模范马路→新街口: 8个RSU, 0辆车, 33命中块 | 新庄→西安门: 7个RSU, 0辆车, 33命中块
[Caching] 广播 6 条路线: 古平岗→新庄: 13个RSU, 0辆车, 33命中块 | 草场门→九华山: 11个RSU, 0辆车, 30命中块 | 汉中门→西安门: 8个RSU, 0辆车, 36命中块 | 古平岗→汉中门: 7个RSU, 0辆车, 31命中块 | 新模范马路→新街口: 8个RSU, 0辆车, 33命中块 | 新庄→西安门: 7个RSU, 0辆车, 33命中块
[Caching] 广播 6 条路线: 古平岗→新庄: 13个RSU, 0辆车, 33命中块 | 草场门→九华山: 11个RSU, 0辆车, 30命中块 | 汉中门→西安门: 8个RSU, 0辆车, 36命中块 | 古平岗→汉中门: 7个RSU, 0辆车, 31命中块 | 新模范马路→新街口: 8个RSU, 0辆车, 33命中块 | 新庄→西安门: 7个RSU, 0辆车, 33命中块
[Caching] 广播 6 条路线: 古平岗→新庄: 13个RSU, 0辆车, 33命中块 | 草场门→九华山: 11个RSU, 0辆车, 30命中块 | 汉中门→西安门: 8个RSU, 0辆车, 36命中块 | 古平岗→汉中门: 7个RSU, 0辆车, 31命中块 | 新模范马路→新街口: 8个RSU, 0辆车, 33命中块 | 新庄→西安门: 7个RSU, 0辆车, 33命中块
[Caching] 广播 6 条路线: 古平岗→新庄: 13个RSU, 0辆车, 33命中块 | 草场门→九华山: 11个RSU, 0辆车, 30命中块 | 汉中门→西安门: 8个RSU, 0辆车, 36命中块 | 古平岗→汉中门: 7个RSU, 0辆车, 31命中块 | 新模范马路→新街口: 8个RSU, 0辆车, 33命中块 | 新庄→西安门: 7个RSU, 0辆车, 33命中块
[Caching] 广播 6 条路线: 古平岗→新庄: 13个RSU, 0辆车, 33命中块 | 草场门→九华山: 11个RSU, 0辆车, 30命中块 | 汉中门→西安门: 8个RSU, 0辆车, 36命中块 | 古平岗→汉中门: 7个RSU, 0辆车, 31命中块 | 新模范马路→新街口: 8个RSU, 0辆车, 33命中块 | 新庄→西安门: 7个RSU, 0辆车, 33命中块
[Caching] 广播 6 条路线: 古平岗→新庄: 13个RSU, 0辆车, 33命中块 | 草场门→九华山: 11个RSU, 0辆车, 30命中块 | 汉中门→西安门: 8个RSU, 0辆车, 36命中块 | 古平岗→汉中门: 7个RSU, 0辆车, 31命中块 | 新模范马路→新街口: 8个RSU, 0辆车, 33命中块 | 新庄→西安门: 7个RSU, 0辆车, 33命中块
[Caching] 广播 6 条路线: 古平岗→新庄: 13个RSU, 0辆车, 33命中块 | 草场门→九华山: 11个RSU, 0辆车, 30命中块 | 汉中门→西安门: 8个RSU, 0辆车, 36命中块 | 古平岗→汉中门: 7个RSU, 0辆车, 31命中块 | 新模范马路→新街口: 8个RSU, 0辆车, 33命中块 | 新庄→西安门: 7个RSU, 0辆车, 33命中块
[Caching] 广播 6 条路线: 古平岗→新庄: 13个RSU, 0辆车, 33命中块 | 草场门→九华山: 11个RSU, 0辆车, 30命中块 | 汉中门→西安门: 8个RSU, 0辆车, 36命中块 | 古平岗→汉中门: 7个RSU, 0辆车, 31命中块 | 新模范马路→新街口: 8个RSU, 0辆车, 33命中块 | 新庄→西安门: 7个RSU, 0辆车, 33命中块
[Caching] 广播 6 条路线: 古平岗→新庄: 13个RSU, 0辆车, 33命中块 | 草场门→九华山: 11个RSU, 0辆车, 30命中块 | 汉中门→西安门: 8个RSU, 0辆车, 36命中块 | 古平岗→汉中门: 7个RSU, 0辆车, 31命中块 | 新模范马路→新街口: 8个RSU, 0辆车, 33命中块 | 新庄→西安门: 7个RSU, 0辆车, 33命中块
[Caching] 广播 6 条路线: 古平岗→新庄: 13个RSU, 0辆车, 33命中块 | 草场门→九华山: 11个RSU, 0辆车, 30命中块 | 汉中门→西安门: 8个RSU, 0辆车, 36命中块 | 古平岗→汉中门: 7个RSU, 0辆车, 31命中块 | 新模范马路→新街口: 8个RSU, 0辆车, 33命中块 | 新庄→西安门: 7个RSU, 0辆车, 33命中块
[Caching] 广播 6 条路线: 古平岗→新庄: 13个RSU, 0辆车, 33命中块 | 草场门→九华山: 11个RSU, 0辆车, 30命中块 | 汉中门→西安门: 8个RSU, 0辆车, 36命中块 | 古平岗→汉中门: 7个RSU, 0辆车, 31命中块 | 新模范马路→新街口: 8个RSU, 0辆车, 33命中块 | 新庄→西安门: 7个RSU, 0辆车, 33命中块
[Caching] 广播 6 条路线: 古平岗→新庄: 13个RSU, 0辆车, 33命中块 | 草场门→九华山: 11个RSU, 0辆车, 30命中块 | 汉中门→西安门: 8个RSU, 0辆车, 36命中块 | 古平岗→汉中门: 7个RSU, 0辆车, 31命中块 | 新模范马路→新街口: 8个RSU, 0辆车, 33命中块 | 新庄→西安门: 7个RSU, 0辆车, 33命中块
[Caching] 广播 6 条路线: 古平岗→新庄: 13个RSU, 0辆车, 33命中块 | 草场门→九华山: 11个RSU, 0辆车, 30命中块 | 汉中门→西安门: 8个RSU, 0辆车, 36命中块 | 古平岗→汉中门: 7个RSU, 0辆车, 31命中块 | 新模范马路→新街口: 8个RSU, 0辆车, 33命中块 | 新庄→西安门: 7个RSU, 0辆车, 33命中块
[Caching] 广播 6 条路线: 古平岗→新庄: 13个RSU, 0辆车, 33命中块 | 草场门→九华山: 11个RSU, 0辆车, 30命中块 | 汉中门→西安门: 8个RSU, 0辆车, 36命中块 | 古平岗→汉中门: 7个RSU, 0辆车, 31命中块 | 新模范马路→新街口: 8个RSU, 0辆车, 33命中块 | 新庄→西安门: 7个RSU, 0辆车, 33命中块
[Caching] 广播 6 条路线: 古平岗→新庄: 13个RSU, 0辆车, 33命中块 | 草场门→九华山: 11个RSU, 0辆车, 30命中块 | 汉中门→西安门: 8个RSU, 0辆车, 36命中块 | 古平岗→汉中门: 7个RSU, 0辆车, 31命中块 | 新模范马路→新街口: 8个RSU, 0辆车, 33命中块 | 新庄→西安门: 7个RSU, 0辆车, 33命中块
[Caching] 广播 6 条路线: 古平岗→新庄: 13个RSU, 0辆车, 33命中块 | 草场门→九华山: 11个RSU, 0辆车, 30命中块 | 汉中门→西安门: 8个RSU, 0辆车, 36命中块 | 古平岗→汉中门: 7个RSU, 0辆车, 31命中块 | 新模范马路→新街口: 8个RSU, 0辆车, 33命中块 | 新庄→西安门: 7个RSU, 0辆车, 33命中块
[Caching] 广播 6 条路线: 古平岗→新庄: 13个RSU, 0辆车, 33命中块 | 草场门→九华山: 11个RSU, 0辆车, 30命中块 | 汉中门→西安门: 8个RSU, 0辆车, 36命中块 | 古平岗→汉中门: 7个RSU, 0辆车, 31命中块 | 新模范马路→新街口: 8个RSU, 0辆车, 33命中块 | 新庄→西安门: 7个RSU, 0辆车, 33命中块
[Caching] 广播 6 条路线: 古平岗→新庄: 13个RSU, 0辆车, 33命中块 | 草场门→九华山: 11个RSU, 0辆车, 30命中块 | 汉中门→西安门: 8个RSU, 0辆车, 36命中块 | 古平岗→汉中门: 7个RSU, 0辆车, 31命中块 | 新模范马路→新街口: 8个RSU, 0辆车, 33命中块 | 新庄→西安门: 7个RSU, 0辆车, 33命中块
[Caching] 广播 6 条路线: 古平岗→新庄: 13个RSU, 0辆车, 33命中块 | 草场门→九华山: 11个RSU, 0辆车, 30命中块 | 汉中门→西安门: 8个RSU, 0辆车, 36命中块 | 古平岗→汉中门: 7个RSU, 0辆车, 31命中块 | 新模范马路→新街口: 8个RSU, 0辆车, 33命中块 | 新庄→西安门: 7个RSU, 0辆车, 33命中块
[Caching] 广播 6 条路线: 古平岗→新庄: 13个RSU, 0辆车, 33命中块 | 草场门→九华山: 11个RSU, 0辆车, 30命中块 | 汉中门→西安门: 8个RSU, 0辆车, 36命中块 | 古平岗→汉中门: 7个RSU, 0辆车, 31命中块 | 新模范马路→新街口: 8个RSU, 0辆车, 33命中块 | 新庄→西安门: 7个RSU, 0辆车, 33命中块
